============================= test session starts =============================
platform win32 -- Python 3.14.2, pytest-9.0.2, pluggy-1.6.0 -- C:\Users\kingm\AppData\Local\Python\pythoncore-3.14-64\python.exe
cachedir: .pytest_cache
rootdir: C:\Users\kingm\Downloads\researchpaper\aging-aware-dnn-accelerator
plugins: anyio-4.12.1, hydra-core-1.3.2
collecting ... collected 19 items

tests/test_accelerator_graph.py::test_accelerator_graph SKIPPED (Win...) [  5%]
tests/test_accelerator_graph.py::test_dataset_append_and_load SKIPPED    [ 10%]
tests/test_aging_models.py::test_nbti_monotonicity PASSED                [ 15%]
tests/test_aging_models.py::test_hci_monotonicity PASSED                 [ 21%]
tests/test_aging_models.py::test_tddb_probabilities PASSED               [ 26%]
tests/test_aging_models.py::test_aging_generator_trajectory PASSED       [ 31%]
tests/test_dataset.py::test_aging_dataset FAILED                         [ 36%]
tests/test_full_pipeline.py::test_full_pipeline_smoke FAILED             [ 42%]
tests/test_hybrid_model.py::test_hybrid_gnn_transformer PASSED           [ 47%]
tests/test_hybrid_model.py::test_trajectory_predictor PASSED             [ 52%]
tests/test_nsga2.py::test_lifetime_planner PASSED                        [ 57%]
tests/test_nsga2.py::test_chromosome PASSED                              [ 63%]
tests/test_rl_env.py::test_gym_environment FAILED                        [ 68%]
tests/test_simulator.py::test_timeloop_analytical_model PASSED           [ 73%]
tests/test_simulator.py::test_workload_generator PASSED                  [ 78%]
tests/test_statistical_tests.py::test_reliability_metrics PASSED         [ 84%]
tests/test_statistical_tests.py::test_performance_metrics PASSED         [ 89%]
tests/test_statistical_tests.py::test_statistical_tests PASSED           [ 94%]
tests/test_trajectory_predictor.py::test_trajectory_predictor_shapes PASSED [100%]

================================== FAILURES ===================================
_____________________________ test_aging_dataset ______________________________

    def test_aging_dataset():
        # Setup dummy directory
        root = Path("./temp_test_data")
    
        cfg = OmegaConf.create({
            'training': {
                'seq_len': 5
            }
        })
    
        # 1. Init empty
>       dataset = AgingDataset(root=str(root), split="test", size=10, cfg=cfg)
                  ^^^^^^^^^^^^^^^^^^^^^^^^^^^^^^^^^^^^^^^^^^^^^^^^^^^^^^^^^^^^

tests\test_dataset.py:21: 
_ _ _ _ _ _ _ _ _ _ _ _ _ _ _ _ _ _ _ _ _ _ _ _ _ _ _ _ _ _ _ _ _ _ _ _ _ _ _ _
graph\graph_dataset.py:56: in __init__
    self._acc_cfg = cfg.accelerator
                    ^^^^^^^^^^^^^^^
..\..\..\AppData\Local\Python\pythoncore-3.14-64\Lib\site-packages\omegaconf\dictconfig.py:355: in __getattr__
    self._format_and_raise(
..\..\..\AppData\Local\Python\pythoncore-3.14-64\Lib\site-packages\omegaconf\base.py:231: in _format_and_raise
    format_and_raise(
..\..\..\AppData\Local\Python\pythoncore-3.14-64\Lib\site-packages\omegaconf\_utils.py:899: in format_and_raise
    _raise(ex, cause)
..\..\..\AppData\Local\Python\pythoncore-3.14-64\Lib\site-packages\omegaconf\_utils.py:797: in _raise
    raise ex.with_traceback(sys.exc_info()[2])  # set env var OC_CAUSE=1 for full trace
    ^^^^^^^^^^^^^^^^^^^^^^^^^^^^^^^^^^^^^^^^^^
..\..\..\AppData\Local\Python\pythoncore-3.14-64\Lib\site-packages\omegaconf\dictconfig.py:351: in __getattr__
    return self._get_impl(
..\..\..\AppData\Local\Python\pythoncore-3.14-64\Lib\site-packages\omegaconf\dictconfig.py:442: in _get_impl
    node = self._get_child(
..\..\..\AppData\Local\Python\pythoncore-3.14-64\Lib\site-packages\omegaconf\basecontainer.py:73: in _get_child
    child = self._get_node(
_ _ _ _ _ _ _ _ _ _ _ _ _ _ _ _ _ _ _ _ _ _ _ _ _ _ _ _ _ _ _ _ _ _ _ _ _ _ _ _

self = {'training': {'seq_len': 5}}, key = 'accelerator', validate_access = True
validate_key = False, throw_on_missing_value = False
throw_on_missing_key = True

    def _get_node(
        self,
        key: DictKeyType,
        validate_access: bool = True,
        validate_key: bool = True,
        throw_on_missing_value: bool = False,
        throw_on_missing_key: bool = False,
    ) -> Optional[Node]:
        try:
            key = self._validate_and_normalize_key(key)
        except KeyValidationError:
            if validate_access and validate_key:
                raise
            else:
                if throw_on_missing_key:
                    raise ConfigAttributeError
                else:
                    return None
    
        if validate_access:
            self._validate_get(key)
    
        value: Optional[Node] = self.__dict__["_content"].get(key)
        if value is None:
            if throw_on_missing_key:
>               raise ConfigKeyError(f"Missing key {key!s}")
E               omegaconf.errors.ConfigAttributeError: Missing key accelerator
E                   full_key: accelerator
E                   object_type=dict

..\..\..\AppData\Local\Python\pythoncore-3.14-64\Lib\site-packages\omegaconf\dictconfig.py:480: ConfigAttributeError
__________________________ test_full_pipeline_smoke ___________________________

    def test_full_pipeline_smoke():
        # Execute the monolithic pipeline script
        # It incorporates very small batch sizes automatically for fast sanity checks
        cwd = Path(__file__).parent.parent.absolute()
    
        env = os.environ.copy()
        env["PYTHONPATH"] = str(cwd)
    
        result = subprocess.run(
            ["python", "scripts/run_full_pipeline.py"],
            cwd=cwd,
            env=env,
            capture_output=True,
            text=True
        )
    
        # Should not crash
>       assert result.returncode == 0, f"Pipeline execution failed:\nStdout: {result.stdout}\nStderr: {result.stderr}"
E       AssertionError: Pipeline execution failed:
E         Stdout: 
E         Stderr: Traceback (most recent call last):
E           File "C:\Users\kingm\Downloads\researchpaper\aging-aware-dnn-accelerator\scripts\run_full_pipeline.py", line 261, in <module>
E             main()
E             ~~~~^^
E           File "C:\Users\kingm\Downloads\researchpaper\aging-aware-dnn-accelerator\scripts\run_full_pipeline.py", line 169, in main
E             dataset = AgingDataset(root="./data", split="train", size=100, cfg=sim_cfg)
E           File "C:\Users\kingm\Downloads\researchpaper\aging-aware-dnn-accelerator\graph\graph_dataset.py", line 57, in __init__
E             super().__init__(root=root, transform=transform)
E             ~~~~~~~~~~~~~~~~^^^^^^^^^^^^^^^^^^^^^^^^^^^^^^^^
E           File "C:\Users\kingm\AppData\Local\Python\pythoncore-3.14-64\Lib\site-packages\torch_geometric\data\in_memory_dataset.py", line 81, in __init__
E             super().__init__(root, transform, pre_transform, pre_filter, log,
E             ~~~~~~~~~~~~~~~~^^^^^^^^^^^^^^^^^^^^^^^^^^^^^^^^^^^^^^^^^^^^^^^^^
E                              force_reload)
E                              ^^^^^^^^^^^^^
E           File "C:\Users\kingm\AppData\Local\Python\pythoncore-3.14-64\Lib\site-packages\torch_geometric\data\dataset.py", line 115, in __init__
E             self._process()
E             ~~~~~~~~~~~~~^^
E           File "C:\Users\kingm\AppData\Local\Python\pythoncore-3.14-64\Lib\site-packages\torch_geometric\data\dataset.py", line 258, in _process
E             if not self.force_reload and files_exist(self.processed_paths):
E                                                      ^^^^^^^^^^^^^^^^^^^^
E           File "C:\Users\kingm\AppData\Local\Python\pythoncore-3.14-64\Lib\site-packages\torch_geometric\data\in_memory_dataset.py", line 318, in __getattr__
E             raise AttributeError(f"'{self.__class__.__name__}' object has no "
E                                  f"attribute '{key}'")
E         AttributeError: 'AgingDataset' object has no attribute 'processed_paths'. Did you mean: 'processed_dir'?
E         
E       assert 1 == 0
E        +  where 1 = CompletedProcess(args=['python', 'scripts/run_full_pipeline.py'], returncode=1, stdout='', stderr='Traceback (most recent call last):\n  File "C:\\Users\\kingm\\Downloads\\researchpaper\\aging-aware-dnn-accelerator\\scripts\\run_full_pipeline.py", line 261, in <module>\n    main()\n    ~~~~^^\n  File "C:\\Users\\kingm\\Downloads\\researchpaper\\aging-aware-dnn-accelerator\\scripts\\run_full_pipeline.py", line 169, in main\n    dataset = AgingDataset(root="./data", split="train", size=100, cfg=sim_cfg)\n  File "C:\\Users\\kingm\\Downloads\\researchpaper\\aging-aware-dnn-accelerator\\graph\\graph_dataset.py", line 57, in __init__\n    super().__init__(root=root, transform=transform)\n    ~~~~~~~~~~~~~~~~^^^^^^^^^^^^^^^^^^^^^^^^^^^^^^^^\n  File "C:\\Users\\kingm\\AppData\\Local\\Python\\pythoncore-3.14-64\\Lib\\site-packages\\torch_geometric\\data\\in_memory_dataset.py", line 81, in __init__\n    super().__init__(root, transform, pre_transform, pre_filter, log,\n    ~~~~~~~~~~~~~~~~^^^^^^^^^^^^^^^^^^^^^^^^^^^^^^^^^^^^^^^^^^^^^^^^^\n                     force_reload)\n                     ^^^^^^^^^^^^^\n  File "C:\\Users\\kingm\\AppData\\Local\\Python\\pythoncore-3.14-64\\Lib\\site-packages\\torch_geometric\\data\\dataset.py", line 115, in __init__\n    self._process()\n    ~~~~~~~~~~~~~^^\n  File "C:\\Users\\kingm\\AppData\\Local\\Python\\pythoncore-3.14-64\\Lib\\site-packages\\torch_geometric\\data\\dataset.py", line 258, in _process\n    if not self.force_reload and files_exist(self.processed_paths):\n                                             ^^^^^^^^^^^^^^^^^^^^\n  File "C:\\Users\\kingm\\AppData\\Local\\Python\\pythoncore-3.14-64\\Lib\\site-packages\\torch_geometric\\data\\in_memory_dataset.py", line 318, in __getattr__\n    raise AttributeError(f"\'{self.__class__.__name__}\' object has no "\n                         f"attribute \'{key}\'")\nAttributeError: \'AgingDataset\' object has no attribute \'processed_paths\'. Did you mean: \'processed_dir\'?\n').returncode

tests\test_full_pipeline.py:23: AssertionError
____________________________ test_gym_environment _____________________________

    def test_gym_environment():
        # Setup dependencies
        cfg = OmegaConf.create({
            'pe_array': [8, 8],
            'mac_clusters': 4,
            'sram_banks': 2,
            'noc_routers': 2,
            'horizon_length': 5,
            'workload_feature_dim': 16,
            'max_layers': 10
        })
    
        graph = AcceleratorGraph(cfg)
        graph.build()
    
        sim = TimeloopRunner(cfg)
        planner = LifetimePlanner(graph, cfg)
    
        env = AgingControlEnv(sim, planner, None, None, graph, None, None, None, cfg)
    
        # 1. Test Reset
        obs, info = env.reset(seed=42)
        assert isinstance(obs, np.ndarray)
    
        # Expected N = 4 + 2 + 2 = 8
        # obs dim: 8 + (8*5) + 16 + 10 + 1 + 8 = 83
        assert len(obs) == 83
    
        # 2. Test Step
        action = env.action_space.sample()
>       next_obs, reward, terminated, truncated, info = env.step(action)
                                                        ^^^^^^^^^^^^^^^^

tests\test_rl_env.py:41: 
_ _ _ _ _ _ _ _ _ _ _ _ _ _ _ _ _ _ _ _ _ _ _ _ _ _ _ _ _ _ _ _ _ _ _ _ _ _ _ _
rl\environment.py:68: in step
    lat_pen = max(0.0, sim_info["latency_ratio"] - self.cfg.reward.latency_threshold)
                                                   ^^^^^^^^^^^^^^^
..\..\..\AppData\Local\Python\pythoncore-3.14-64\Lib\site-packages\omegaconf\dictconfig.py:355: in __getattr__
    self._format_and_raise(
..\..\..\AppData\Local\Python\pythoncore-3.14-64\Lib\site-packages\omegaconf\base.py:231: in _format_and_raise
    format_and_raise(
..\..\..\AppData\Local\Python\pythoncore-3.14-64\Lib\site-packages\omegaconf\_utils.py:899: in format_and_raise
    _raise(ex, cause)
..\..\..\AppData\Local\Python\pythoncore-3.14-64\Lib\site-packages\omegaconf\_utils.py:797: in _raise
    raise ex.with_traceback(sys.exc_info()[2])  # set env var OC_CAUSE=1 for full trace
    ^^^^^^^^^^^^^^^^^^^^^^^^^^^^^^^^^^^^^^^^^^
..\..\..\AppData\Local\Python\pythoncore-3.14-64\Lib\site-packages\omegaconf\dictconfig.py:351: in __getattr__
    return self._get_impl(
..\..\..\AppData\Local\Python\pythoncore-3.14-64\Lib\site-packages\omegaconf\dictconfig.py:442: in _get_impl
    node = self._get_child(
..\..\..\AppData\Local\Python\pythoncore-3.14-64\Lib\site-packages\omegaconf\basecontainer.py:73: in _get_child
    child = self._get_node(
_ _ _ _ _ _ _ _ _ _ _ _ _ _ _ _ _ _ _ _ _ _ _ _ _ _ _ _ _ _ _ _ _ _ _ _ _ _ _ _

self = {'pe_array': [8, 8], 'mac_clusters': 4, 'sram_banks': 2, 'noc_routers': 2, 'horizon_length': 5, 'workload_feature_dim': 16, 'max_layers': 10}
key = 'reward', validate_access = True, validate_key = False
throw_on_missing_value = False, throw_on_missing_key = True

    def _get_node(
        self,
        key: DictKeyType,
        validate_access: bool = True,
        validate_key: bool = True,
        throw_on_missing_value: bool = False,
        throw_on_missing_key: bool = False,
    ) -> Optional[Node]:
        try:
            key = self._validate_and_normalize_key(key)
        except KeyValidationError:
            if validate_access and validate_key:
                raise
            else:
                if throw_on_missing_key:
                    raise ConfigAttributeError
                else:
                    return None
    
        if validate_access:
            self._validate_get(key)
    
        value: Optional[Node] = self.__dict__["_content"].get(key)
        if value is None:
            if throw_on_missing_key:
>               raise ConfigKeyError(f"Missing key {key!s}")
E               omegaconf.errors.ConfigAttributeError: Missing key reward
E                   full_key: reward
E                   object_type=dict

..\..\..\AppData\Local\Python\pythoncore-3.14-64\Lib\site-packages\omegaconf\dictconfig.py:480: ConfigAttributeError
============================== warnings summary ===============================
..\..\..\AppData\Local\Python\pythoncore-3.14-64\Lib\site-packages\torch_geometric\llm\utils\backend_utils.py:26
  C:\Users\kingm\AppData\Local\Python\pythoncore-3.14-64\Lib\site-packages\torch_geometric\llm\utils\backend_utils.py:26: DeprecationWarning: `torch_geometric.distributed` has been deprecated since 2.7.0 and will no longer be maintained. For distributed training, refer to our tutorials on distributed training at https://pytorch-geometric.readthedocs.io/en/latest/tutorial/distributed.html or cuGraph examples at https://github.com/rapidsai/cugraph-gnn/tree/main/python/cugraph-pyg/cugraph_pyg/examples
    from torch_geometric.distributed import (

..\..\..\AppData\Local\Python\pythoncore-3.14-64\Lib\site-packages\torch\jit\_script.py:1474
..\..\..\AppData\Local\Python\pythoncore-3.14-64\Lib\site-packages\torch\jit\_script.py:1474
  C:\Users\kingm\AppData\Local\Python\pythoncore-3.14-64\Lib\site-packages\torch\jit\_script.py:1474: DeprecationWarning: `torch.jit.script` is not supported in Python 3.14+ and may break. Please switch to `torch.compile` or `torch.export`.
    warnings.warn(

tests/test_dataset.py::test_aging_dataset
  <frozen importlib._bootstrap>:491: DeprecationWarning: builtin type SwigPyPacked has no __module__ attribute

tests/test_dataset.py::test_aging_dataset
  <frozen importlib._bootstrap>:491: DeprecationWarning: builtin type SwigPyObject has no __module__ attribute

tests/test_hybrid_model.py: 82 warnings
  C:\Users\kingm\AppData\Local\Python\pythoncore-3.14-64\Lib\site-packages\torch_geometric\inspector.py:433: DeprecationWarning: Failing to pass a value to the 'type_params' parameter of 'typing._eval_type' is deprecated, as it leads to incorrect behaviour when calling typing._eval_type on a stringified annotation that references a PEP 695 type parameter. It will be disallowed in Python 3.15.
    return typing._eval_type(value, _globals, None)  # type: ignore

tests/test_hybrid_model.py::test_hybrid_gnn_transformer
tests/test_hybrid_model.py::test_trajectory_predictor
  C:\Users\kingm\Downloads\researchpaper\aging-aware-dnn-accelerator\models\hybrid_gnn_transformer.py:66: UserWarning: enable_nested_tensor is True, but self.use_nested_tensor is False because encoder_layer.self_attn.batch_first was not True(use batch_first for better inference performance)
    self.transformer = nn.TransformerEncoder(encoder_layer, num_layers=transformer_layers)

-- Docs: https://docs.pytest.org/en/stable/how-to/capture-warnings.html
=========================== short test summary info ===========================
FAILED tests/test_dataset.py::test_aging_dataset - omegaconf.errors.ConfigAtt...
FAILED tests/test_full_pipeline.py::test_full_pipeline_smoke - AssertionError...
FAILED tests/test_rl_env.py::test_gym_environment - omegaconf.errors.ConfigAt...
============ 3 failed, 14 passed, 2 skipped, 89 warnings in 14.39s ============

STDERR:
<sys>:0: DeprecationWarning: builtin type swigvarlink has no __module__ attribute
